

Started GET "/patients/new" for 127.0.0.1 at 2015-06-15 15:14:35 +0530
  [1m[36mActiveRecord::SchemaMigration Load (0.6ms)[0m  [1mSELECT "schema_migrations".* FROM "schema_migrations"[0m
Processing by PatientsController#new as HTML
dfhsdf hfsfshd fsdhfshdfsdh fhsdbfhsdhf sdfjsdfb hsdfhsdhfsjdfvbsdhfsdjfsdfjsd fvsdfjsdfjvsd fsjdfvsdf sdjfsd f
  [1m[35mUser Load (0.6ms)[0m  SELECT  "users".* FROM "users" WHERE "users"."id" = $1  ORDER BY "users"."id" ASC LIMIT 1  [["id", 1]]
true
dfhsdf hfsfshd fsdhfshdfsdh fhsdbfhsdhf sdfjsdfb hsdfhsdhfsjdfvbsdhfsdjfsdfjsd fvsdfjsdfjvsd fsjdfvsdf sdjfsd f
  Rendered patients/_form.html.erb (363.7ms)
  Rendered patients/new.html.erb within layouts/application (369.3ms)
  Rendered layouts/_navigation_links.html.erb (1.0ms)
  Rendered layouts/_navigation.html.erb (13.4ms)
  Rendered layouts/_messages.html.erb (0.4ms)
Completed 200 OK in 5664ms (Views: 5573.6ms | ActiveRecord: 7.4ms)

ActionController::RoutingError (No route matches [GET] "/assets/bootstrap.css.map"):
  actionpack (4.2.0) lib/action_dispatch/middleware/debug_exceptions.rb:21:in `call'
  web-console (2.1.2) lib/web_console/middleware.rb:37:in `call'
  actionpack (4.2.0) lib/action_dispatch/middleware/show_exceptions.rb:30:in `call'
  railties (4.2.0) lib/rails/rack/logger.rb:38:in `call_app'
  railties (4.2.0) lib/rails/rack/logger.rb:20:in `block in call'
  activesupport (4.2.0) lib/active_support/tagged_logging.rb:68:in `block in tagged'
  activesupport (4.2.0) lib/active_support/tagged_logging.rb:26:in `tagged'
  activesupport (4.2.0) lib/active_support/tagged_logging.rb:68:in `tagged'
  railties (4.2.0) lib/rails/rack/logger.rb:20:in `call'
  quiet_assets (1.1.0) lib/quiet_assets.rb:27:in `call_with_quiet_assets'
  actionpack (4.2.0) lib/action_dispatch/middleware/request_id.rb:21:in `call'
  rack (1.6.1) lib/rack/methodoverride.rb:22:in `call'
  rack (1.6.1) lib/rack/runtime.rb:18:in `call'
  activesupport (4.2.0) lib/active_support/cache/strategy/local_cache_middleware.rb:28:in `call'
  rack (1.6.1) lib/rack/lock.rb:17:in `call'
  actionpack (4.2.0) lib/action_dispatch/middleware/static.rb:113:in `call'
  rack (1.6.1) lib/rack/sendfile.rb:113:in `call'
  railties (4.2.0) lib/rails/engine.rb:518:in `call'
  railties (4.2.0) lib/rails/application.rb:164:in `call'
  rack (1.6.1) lib/rack/lock.rb:17:in `call'
  rack (1.6.1) lib/rack/content_length.rb:15:in `call'
  rack (1.6.1) lib/rack/handler/webrick.rb:89:in `service'
  /usr/local/lib/ruby/2.2.0/webrick/httpserver.rb:138:in `service'
  /usr/local/lib/ruby/2.2.0/webrick/httpserver.rb:94:in `run'
  /usr/local/lib/ruby/2.2.0/webrick/server.rb:294:in `block in start_thread'




Started GET "/users" for 127.0.0.1 at 2015-06-15 15:14:46 +0530
Processing by UsersController#index as HTML
dfhsdf hfsfshd fsdhfshdfsdh fhsdbfhsdhf sdfjsdfb hsdfhsdhfsjdfvbsdhfsdjfsdfjsd fvsdfjsdfjvsd fsjdfvsdf sdjfsd f
  [1m[36mUser Load (0.6ms)[0m  [1mSELECT  "users".* FROM "users" WHERE "users"."id" = $1  ORDER BY "users"."id" ASC LIMIT 1[0m  [["id", 1]]
true
dfhsdf hfsfshd fsdhfshdfsdh fhsdbfhsdhf sdfjsdfb hsdfhsdhfsjdfvbsdhfsdjfsdfjsd fvsdfjsdfjvsd fsjdfvsdf sdjfsd f
  [1m[35mUser Load (0.4ms)[0m  SELECT  "users".* FROM "users" WHERE ("users"."id" != $1) LIMIT 10 OFFSET 0  [["id", 1]]
  [1m[36m (0.5ms)[0m  [1mSELECT COUNT(*) FROM "users" WHERE ("users"."id" != $1)[0m  [["id", 1]]
  Rendered users/index.html.erb within layouts/application (10.1ms)
  Rendered layouts/_navigation_links.html.erb (0.9ms)
  Rendered layouts/_navigation.html.erb (3.5ms)
  Rendered layouts/_messages.html.erb (0.5ms)
Completed 200 OK in 382ms (Views: 378.2ms | ActiveRecord: 1.5ms)


Started GET "/search" for 127.0.0.1 at 2015-06-15 15:14:48 +0530
  [1m[35mUser Load (0.5ms)[0m  SELECT  "users".* FROM "users" WHERE "users"."id" = $1  ORDER BY "users"."id" ASC LIMIT 1  [["id", 1]]
Processing by PatientsController#search as HTML
dfhsdf hfsfshd fsdhfshdfsdh fhsdbfhsdhf sdfjsdfb hsdfhsdhfsjdfvbsdhfsdjfsdfjsd fvsdfjsdfjvsd fsjdfvsdf sdjfsd f
true
dfhsdf hfsfshd fsdhfshdfsdh fhsdbfhsdhf sdfjsdfb hsdfhsdhfsjdfvbsdhfsdjfsdfjsd fvsdfjsdfjvsd fsjdfvsdf sdjfsd f
  [1m[36mPatient Load (1.3ms)[0m  [1mSELECT  "patients".* FROM "patients" WHERE (gender LIKE '%%' AND  location LIKE '%%' AND topicdiscussed LIKE '%%' AND timelength LIKE '%%' AND noofparticipant LIKE '%%' AND computer LIKE '%%' AND startdate >= '%1970-01-01%' AND startdate <= '%2100-12-31%')  ORDER BY "patients"."id" DESC LIMIT 10 OFFSET 0[0m
  [1m[35m (0.6ms)[0m  SELECT COUNT(*) FROM "patients" WHERE (gender LIKE '%%' AND  location LIKE '%%' AND topicdiscussed LIKE '%%' AND timelength LIKE '%%' AND noofparticipant LIKE '%%' AND computer LIKE '%%' AND startdate >= '%1970-01-01%' AND startdate <= '%2100-12-31%')
  Rendered patients/search.erb within layouts/application (7.8ms)
  Rendered layouts/_navigation_links.html.erb (0.3ms)
  Rendered layouts/_navigation.html.erb (1.9ms)
  Rendered layouts/_messages.html.erb (0.1ms)
Completed 200 OK in 359ms (Views: 355.2ms | ActiveRecord: 1.9ms)


Started GET "/patients/new" for 127.0.0.1 at 2015-06-16 15:12:29 +0530
  [1m[36mActiveRecord::SchemaMigration Load (0.6ms)[0m  [1mSELECT "schema_migrations".* FROM "schema_migrations"[0m
Processing by PatientsController#new as HTML
  Rendered shared/_error_messages.html.erb (1.7ms)
  [1m[35mUser Load (1.0ms)[0m  SELECT  "users".* FROM "users" WHERE "users"."id" = $1  ORDER BY "users"."id" ASC LIMIT 1  [["id", 1]]
  Rendered patients/_form.html.erb (304.7ms)
  Rendered patients/new.html.erb within layouts/application (308.9ms)
  Rendered layouts/_navigation_links.html.erb (0.9ms)
  Rendered layouts/_navigation.html.erb (10.4ms)
  Rendered layouts/_messages.html.erb (0.5ms)
Completed 200 OK in 4017ms (Views: 3988.2ms | ActiveRecord: 8.1ms)


Started GET "/patients/new" for 127.0.0.1 at 2015-06-16 15:15:18 +0530
  [1m[36mActiveRecord::SchemaMigration Load (0.7ms)[0m  [1mSELECT "schema_migrations".* FROM "schema_migrations"[0m
Processing by PatientsController#new as HTML
  Rendered shared/_error_messages.html.erb (1.8ms)
  [1m[35mUser Load (0.8ms)[0m  SELECT  "users".* FROM "users" WHERE "users"."id" = $1  ORDER BY "users"."id" ASC LIMIT 1  [["id", 1]]
  Rendered patients/_form.html.erb (303.5ms)
  Rendered patients/new.html.erb within layouts/application (306.7ms)
  Rendered layouts/_navigation_links.html.erb (0.8ms)
  Rendered layouts/_navigation.html.erb (15.4ms)
  Rendered layouts/_messages.html.erb (0.5ms)
Completed 200 OK in 3964ms (Views: 3934.1ms | ActiveRecord: 7.3ms)


Started GET "/allrecords" for 127.0.0.1 at 2015-06-16 15:15:25 +0530
  [1m[36mUser Load (0.5ms)[0m  [1mSELECT  "users".* FROM "users" WHERE "users"."id" = $1  ORDER BY "users"."id" ASC LIMIT 1[0m  [["id", 1]]
Processing by PatientsController#index as HTML
  [1m[35mPatient Load (0.9ms)[0m  SELECT  "patients".* FROM "patients"  ORDER BY "patients"."id" DESC LIMIT 10 OFFSET 0
  [1m[36m (0.5ms)[0m  [1mSELECT COUNT(*) FROM "patients"[0m
  Rendered patients/index.html.erb within layouts/application (8.0ms)
  Rendered layouts/_navigation_links.html.erb (0.8ms)
  Rendered layouts/_navigation.html.erb (3.0ms)
  Rendered layouts/_messages.html.erb (0.4ms)
Completed 200 OK in 353ms (Views: 350.4ms | ActiveRecord: 1.5ms)


Started GET "/patients/new" for 127.0.0.1 at 2015-06-16 15:15:26 +0530
Processing by PatientsController#new as HTML
  Rendered shared/_error_messages.html.erb (0.3ms)
  [1m[35mUser Load (0.9ms)[0m  SELECT  "users".* FROM "users" WHERE "users"."id" = $1  ORDER BY "users"."id" ASC LIMIT 1  [["id", 1]]
  Rendered patients/_form.html.erb (9.7ms)
  Rendered patients/new.html.erb within layouts/application (10.6ms)
  Rendered layouts/_navigation_links.html.erb (0.3ms)
  Rendered layouts/_navigation.html.erb (1.8ms)
  Rendered layouts/_messages.html.erb (0.0ms)
Completed 200 OK in 302ms (Views: 300.8ms | ActiveRecord: 0.9ms)

ActionController::RoutingError (No route matches [GET] "/assets/bootstrap.css.map"):
  actionpack (4.2.0) lib/action_dispatch/middleware/debug_exceptions.rb:21:in `call'
  web-console (2.1.2) lib/web_console/middleware.rb:37:in `call'
  actionpack (4.2.0) lib/action_dispatch/middleware/show_exceptions.rb:30:in `call'
  railties (4.2.0) lib/rails/rack/logger.rb:38:in `call_app'
  railties (4.2.0) lib/rails/rack/logger.rb:20:in `block in call'
  activesupport (4.2.0) lib/active_support/tagged_logging.rb:68:in `block in tagged'
  activesupport (4.2.0) lib/active_support/tagged_logging.rb:26:in `tagged'
  activesupport (4.2.0) lib/active_support/tagged_logging.rb:68:in `tagged'
  railties (4.2.0) lib/rails/rack/logger.rb:20:in `call'
  quiet_assets (1.1.0) lib/quiet_assets.rb:27:in `call_with_quiet_assets'
  actionpack (4.2.0) lib/action_dispatch/middleware/request_id.rb:21:in `call'
  rack (1.6.1) lib/rack/methodoverride.rb:22:in `call'
  rack (1.6.1) lib/rack/runtime.rb:18:in `call'
  activesupport (4.2.0) lib/active_support/cache/strategy/local_cache_middleware.rb:28:in `call'
  rack (1.6.1) lib/rack/lock.rb:17:in `call'
  actionpack (4.2.0) lib/action_dispatch/middleware/static.rb:113:in `call'
  rack (1.6.1) lib/rack/sendfile.rb:113:in `call'
  railties (4.2.0) lib/rails/engine.rb:518:in `call'
  railties (4.2.0) lib/rails/application.rb:164:in `call'
  rack (1.6.1) lib/rack/lock.rb:17:in `call'
  rack (1.6.1) lib/rack/content_length.rb:15:in `call'
  rack (1.6.1) lib/rack/handler/webrick.rb:89:in `service'
  /usr/local/lib/ruby/2.2.0/webrick/httpserver.rb:138:in `service'
  /usr/local/lib/ruby/2.2.0/webrick/httpserver.rb:94:in `run'
  /usr/local/lib/ruby/2.2.0/webrick/server.rb:294:in `block in start_thread'




Started GET "/patients/new" for 127.0.0.1 at 2015-06-16 15:24:12 +0530
  [1m[36mActiveRecord::SchemaMigration Load (0.7ms)[0m  [1mSELECT "schema_migrations".* FROM "schema_migrations"[0m
Processing by PatientsController#new as HTML
  Rendered shared/_error_messages.html.erb (1.7ms)
  [1m[35mUser Load (0.7ms)[0m  SELECT  "users".* FROM "users" WHERE "users"."id" = $1  ORDER BY "users"."id" ASC LIMIT 1  [["id", 1]]
  Rendered patients/_form.html.erb (300.9ms)
  Rendered patients/new.html.erb within layouts/application (304.3ms)
  Rendered layouts/_navigation_links.html.erb (0.8ms)
  Rendered layouts/_navigation.html.erb (9.4ms)
  Rendered layouts/_messages.html.erb (0.4ms)
Completed 200 OK in 3940ms (Views: 3906.9ms | ActiveRecord: 7.6ms)

ActionController::RoutingError (No route matches [GET] "/assets/bootstrap.css.map"):
  actionpack (4.2.0) lib/action_dispatch/middleware/debug_exceptions.rb:21:in `call'
  web-console (2.1.2) lib/web_console/middleware.rb:37:in `call'
  actionpack (4.2.0) lib/action_dispatch/middleware/show_exceptions.rb:30:in `call'
  railties (4.2.0) lib/rails/rack/logger.rb:38:in `call_app'
  railties (4.2.0) lib/rails/rack/logger.rb:20:in `block in call'
  activesupport (4.2.0) lib/active_support/tagged_logging.rb:68:in `block in tagged'
  activesupport (4.2.0) lib/active_support/tagged_logging.rb:26:in `tagged'
  activesupport (4.2.0) lib/active_support/tagged_logging.rb:68:in `tagged'
  railties (4.2.0) lib/rails/rack/logger.rb:20:in `call'
  quiet_assets (1.1.0) lib/quiet_assets.rb:27:in `call_with_quiet_assets'
  actionpack (4.2.0) lib/action_dispatch/middleware/request_id.rb:21:in `call'
  rack (1.6.1) lib/rack/methodoverride.rb:22:in `call'
  rack (1.6.1) lib/rack/runtime.rb:18:in `call'
  activesupport (4.2.0) lib/active_support/cache/strategy/local_cache_middleware.rb:28:in `call'
  rack (1.6.1) lib/rack/lock.rb:17:in `call'
  actionpack (4.2.0) lib/action_dispatch/middleware/static.rb:113:in `call'
  rack (1.6.1) lib/rack/sendfile.rb:113:in `call'
  railties (4.2.0) lib/rails/engine.rb:518:in `call'
  railties (4.2.0) lib/rails/application.rb:164:in `call'
  rack (1.6.1) lib/rack/lock.rb:17:in `call'
  rack (1.6.1) lib/rack/content_length.rb:15:in `call'
  rack (1.6.1) lib/rack/handler/webrick.rb:89:in `service'
  /usr/local/lib/ruby/2.2.0/webrick/httpserver.rb:138:in `service'
  /usr/local/lib/ruby/2.2.0/webrick/httpserver.rb:94:in `run'
  /usr/local/lib/ruby/2.2.0/webrick/server.rb:294:in `block in start_thread'




Started GET "/" for 127.0.0.1 at 2015-07-24 11:39:04 +0530
  [1m[36mActiveRecord::SchemaMigration Load (23.2ms)[0m  [1mSELECT "schema_migrations".* FROM "schema_migrations"[0m
Processing by Devise::SessionsController#new as HTML
  Rendered devise/sessions/new.html.erb within layouts/application (521.9ms)
  Rendered layouts/_navigation_links.html.erb (0.8ms)
  Rendered layouts/_navigation.html.erb (8.5ms)
  Rendered layouts/_messages.html.erb (0.4ms)
Completed 200 OK in 4180ms (Views: 4072.6ms | ActiveRecord: 80.6ms)


Started GET "/users/sign_in" for 127.0.0.1 at 2015-07-24 11:39:26 +0530
Processing by Devise::SessionsController#new as HTML
  Rendered devise/sessions/new.html.erb within layouts/application (12.8ms)
  Rendered layouts/_navigation_links.html.erb (0.3ms)
  Rendered layouts/_navigation.html.erb (1.6ms)
  Rendered layouts/_messages.html.erb (0.0ms)
Completed 200 OK in 323ms (Views: 321.4ms | ActiveRecord: 0.0ms)


Started GET "/users/sign_up" for 127.0.0.1 at 2015-07-24 11:39:28 +0530
Processing by Devise::RegistrationsController#new as HTML
  Rendered devise/registrations/new.html.erb within layouts/application (9.2ms)
  Rendered layouts/_navigation_links.html.erb (0.3ms)
  Rendered layouts/_navigation.html.erb (1.5ms)
  Rendered layouts/_messages.html.erb (0.0ms)
Completed 200 OK in 337ms (Views: 336.4ms | ActiveRecord: 0.0ms)


Started GET "/users/sign_in" for 127.0.0.1 at 2015-07-24 11:39:30 +0530
Processing by Devise::SessionsController#new as HTML
  Rendered devise/sessions/new.html.erb within layouts/application (13.8ms)
  Rendered layouts/_navigation_links.html.erb (0.3ms)
  Rendered layouts/_navigation.html.erb (1.6ms)
  Rendered layouts/_messages.html.erb (0.0ms)
Completed 200 OK in 331ms (Views: 329.6ms | ActiveRecord: 0.0ms)


Started POST "/users/sign_in" for 127.0.0.1 at 2015-07-24 11:40:00 +0530
Processing by Devise::SessionsController#create as HTML
  Parameters: {"utf8"=>"✓", "authenticity_token"=>"wb8xWG/v9Ua/7u+swhkEx7g7xBdfd/vyFAK0XWGOkJfonM9DwJHaQ8HiPy144DHP58Oz00VuRpNPqVP6TZhXrA==", "user"=>{"email"=>"admin@gmail.com", "password"=>"[FILTERED]", "remember_me"=>"0"}, "commit"=>"Sign in"}
  [1m[35mUser Load (78.8ms)[0m  SELECT  "users".* FROM "users" WHERE "users"."email" = $1  ORDER BY "users"."id" ASC LIMIT 1  [["email", "admin@gmail.com"]]
Completed 401 Unauthorized in 320ms
Processing by Devise::SessionsController#new as HTML
  Parameters: {"utf8"=>"✓", "authenticity_token"=>"wb8xWG/v9Ua/7u+swhkEx7g7xBdfd/vyFAK0XWGOkJfonM9DwJHaQ8HiPy144DHP58Oz00VuRpNPqVP6TZhXrA==", "user"=>{"email"=>"admin@gmail.com", "password"=>"[FILTERED]", "remember_me"=>"0"}, "commit"=>"Sign in"}
  Rendered devise/sessions/new.html.erb within layouts/application (8.2ms)
  Rendered layouts/_navigation_links.html.erb (0.2ms)
  Rendered layouts/_navigation.html.erb (1.7ms)
  Rendered layouts/_messages.html.erb (0.1ms)
Completed 200 OK in 407ms (Views: 307.2ms | ActiveRecord: 0.0ms)


Started POST "/users/sign_in" for 127.0.0.1 at 2015-07-24 11:40:10 +0530
Processing by Devise::SessionsController#create as HTML
  Parameters: {"utf8"=>"✓", "authenticity_token"=>"t3SOSNrTmBOqZa1ZecHKHSlQajd3fz+U9nmwRkqtMX2eV3BTda23FtRpfdjDOP8Vdqgd821mgvWt0lfhZrv2Rg==", "user"=>{"email"=>"admin@gmail.com", "password"=>"[FILTERED]", "remember_me"=>"0"}, "commit"=>"Sign in"}
  [1m[36mUser Load (0.4ms)[0m  [1mSELECT  "users".* FROM "users" WHERE "users"."email" = $1  ORDER BY "users"."id" ASC LIMIT 1[0m  [["email", "admin@gmail.com"]]
Completed 401 Unauthorized in 3ms
Processing by Devise::SessionsController#new as HTML
  Parameters: {"utf8"=>"✓", "authenticity_token"=>"t3SOSNrTmBOqZa1ZecHKHSlQajd3fz+U9nmwRkqtMX2eV3BTda23FtRpfdjDOP8Vdqgd821mgvWt0lfhZrv2Rg==", "user"=>{"email"=>"admin@gmail.com", "password"=>"[FILTERED]", "remember_me"=>"0"}, "commit"=>"Sign in"}
  Rendered devise/sessions/new.html.erb within layouts/application (8.9ms)
  Rendered layouts/_navigation_links.html.erb (0.3ms)
  Rendered layouts/_navigation.html.erb (1.3ms)
  Rendered layouts/_messages.html.erb (0.1ms)
Completed 200 OK in 387ms (Views: 291.8ms | ActiveRecord: 0.0ms)


Started POST "/users/sign_in" for 127.0.0.1 at 2015-07-24 11:40:52 +0530
Processing by Devise::SessionsController#create as HTML
  Parameters: {"utf8"=>"✓", "authenticity_token"=>"pQtdaCfrNzlRUCAyKSS319IubqBBBVE8kbSeYU76VwiMKKNziJUYPC9c8LOT3YLfjdYZZFsc7F3KH3nGYuyQMw==", "user"=>{"email"=>"admin@gmail.com", "password"=>"[FILTERED]", "remember_me"=>"0"}, "commit"=>"Sign in"}
  [1m[35mUser Load (0.4ms)[0m  SELECT  "users".* FROM "users" WHERE "users"."email" = $1  ORDER BY "users"."id" ASC LIMIT 1  [["email", "admin@gmail.com"]]
Completed 401 Unauthorized in 2ms
Processing by Devise::SessionsController#new as HTML
  Parameters: {"utf8"=>"✓", "authenticity_token"=>"pQtdaCfrNzlRUCAyKSS319IubqBBBVE8kbSeYU76VwiMKKNziJUYPC9c8LOT3YLfjdYZZFsc7F3KH3nGYuyQMw==", "user"=>{"email"=>"admin@gmail.com", "password"=>"[FILTERED]", "remember_me"=>"0"}, "commit"=>"Sign in"}
  Rendered devise/sessions/new.html.erb within layouts/application (7.6ms)
  Rendered layouts/_navigation_links.html.erb (0.2ms)
  Rendered layouts/_navigation.html.erb (1.3ms)
  Rendered layouts/_messages.html.erb (0.0ms)
Completed 200 OK in 427ms (Views: 331.5ms | ActiveRecord: 0.0ms)


Started POST "/users/sign_in" for 127.0.0.1 at 2015-07-24 11:40:55 +0530
Processing by Devise::SessionsController#create as HTML
  Parameters: {"utf8"=>"✓", "authenticity_token"=>"vlCREmYZ+kJU4s7wUhcWZnmRdolYk2UZN41eq9JfuKmXc28JyWfVRyruHnHo7iNuJmkBTUKK2HhsJrkM/kl/kg==", "user"=>{"email"=>"admin@gmail.com", "password"=>"[FILTERED]", "remember_me"=>"0"}, "commit"=>"Sign in"}
Completed 401 Unauthorized in 1ms
Processing by Devise::SessionsController#new as HTML
  Parameters: {"utf8"=>"✓", "authenticity_token"=>"vlCREmYZ+kJU4s7wUhcWZnmRdolYk2UZN41eq9JfuKmXc28JyWfVRyruHnHo7iNuJmkBTUKK2HhsJrkM/kl/kg==", "user"=>{"email"=>"admin@gmail.com", "password"=>"[FILTERED]", "remember_me"=>"0"}, "commit"=>"Sign in"}
  Rendered devise/sessions/new.html.erb within layouts/application (10.9ms)
  Rendered layouts/_navigation_links.html.erb (0.2ms)
  Rendered layouts/_navigation.html.erb (1.2ms)
  Rendered layouts/_messages.html.erb (0.0ms)
Completed 200 OK in 292ms (Views: 290.7ms | ActiveRecord: 0.0ms)


Started POST "/users/sign_in" for 127.0.0.1 at 2015-07-24 11:40:56 +0530
Processing by Devise::SessionsController#create as HTML
  Parameters: {"utf8"=>"✓", "authenticity_token"=>"1w5t6C0ga8h6oY/l0lzpYx0sYyzlC3R1oUco2dPFqQj+LZPzgl5EzQStX2RopdxrQtQU6P8SyRT67M9+/9NuMw==", "user"=>{"email"=>"admin@gmail.com", "password"=>"[FILTERED]", "remember_me"=>"0"}, "commit"=>"Sign in"}
Completed 401 Unauthorized in 1ms
Processing by Devise::SessionsController#new as HTML
  Parameters: {"utf8"=>"✓", "authenticity_token"=>"1w5t6C0ga8h6oY/l0lzpYx0sYyzlC3R1oUco2dPFqQj+LZPzgl5EzQStX2RopdxrQtQU6P8SyRT67M9+/9NuMw==", "user"=>{"email"=>"admin@gmail.com", "password"=>"[FILTERED]", "remember_me"=>"0"}, "commit"=>"Sign in"}
  Rendered devise/sessions/new.html.erb within layouts/application (11.8ms)
  Rendered layouts/_navigation_links.html.erb (0.3ms)
  Rendered layouts/_navigation.html.erb (1.8ms)
  Rendered layouts/_messages.html.erb (0.1ms)
Completed 200 OK in 326ms (Views: 325.3ms | ActiveRecord: 0.0ms)


Started POST "/users/sign_in" for 127.0.0.1 at 2015-07-24 11:41:49 +0530
Processing by Devise::SessionsController#create as HTML
  Parameters: {"utf8"=>"✓", "authenticity_token"=>"db5W13ljI1Or5IqFXhHEsdaZ872PyagV4C6YkLPW5v1cnajM1h0MVtXoWgTk6PG5iWGEeZXQFXS7hX83n8Ahxg==", "user"=>{"email"=>"admin@admin.com", "password"=>"[FILTERED]", "remember_me"=>"0"}, "commit"=>"Sign in"}
  [1m[36mUser Load (0.5ms)[0m  [1mSELECT  "users".* FROM "users" WHERE "users"."email" = $1  ORDER BY "users"."id" ASC LIMIT 1[0m  [["email", "admin@admin.com"]]
Completed 401 Unauthorized in 97ms
Processing by Devise::SessionsController#new as HTML
  Parameters: {"utf8"=>"✓", "authenticity_token"=>"db5W13ljI1Or5IqFXhHEsdaZ872PyagV4C6YkLPW5v1cnajM1h0MVtXoWgTk6PG5iWGEeZXQFXS7hX83n8Ahxg==", "user"=>{"email"=>"admin@admin.com", "password"=>"[FILTERED]", "remember_me"=>"0"}, "commit"=>"Sign in"}
  Rendered devise/sessions/new.html.erb within layouts/application (9.3ms)
  Rendered layouts/_navigation_links.html.erb (0.2ms)
  Rendered layouts/_navigation.html.erb (1.2ms)
  Rendered layouts/_messages.html.erb (0.0ms)
Completed 200 OK in 415ms (Views: 322.9ms | ActiveRecord: 0.0ms)


Started POST "/users/sign_in" for 127.0.0.1 at 2015-07-24 11:41:55 +0530
Processing by Devise::SessionsController#create as HTML
  Parameters: {"utf8"=>"✓", "authenticity_token"=>"DO7bugYd7ASuIpztFAHgOMm2WzJiOf/7OrZHwfw/ySklzSWhqWPDAdAuTGyu+NUwlk4s9nggQpphHaBm0CkOEg==", "user"=>{"email"=>"admin@admin.com", "password"=>"[FILTERED]", "remember_me"=>"0"}, "commit"=>"Sign in"}
  [1m[35mUser Load (0.4ms)[0m  SELECT  "users".* FROM "users" WHERE "users"."email" = $1  ORDER BY "users"."id" ASC LIMIT 1  [["email", "admin@admin.com"]]
Completed 401 Unauthorized in 94ms
Processing by Devise::SessionsController#new as HTML
  Parameters: {"utf8"=>"✓", "authenticity_token"=>"DO7bugYd7ASuIpztFAHgOMm2WzJiOf/7OrZHwfw/ySklzSWhqWPDAdAuTGyu+NUwlk4s9nggQpphHaBm0CkOEg==", "user"=>{"email"=>"admin@admin.com", "password"=>"[FILTERED]", "remember_me"=>"0"}, "commit"=>"Sign in"}
  Rendered devise/sessions/new.html.erb within layouts/application (7.0ms)
  Rendered layouts/_navigation_links.html.erb (0.3ms)
  Rendered layouts/_navigation.html.erb (1.3ms)
  Rendered layouts/_messages.html.erb (0.0ms)
Completed 200 OK in 398ms (Views: 306.3ms | ActiveRecord: 0.0ms)


Started POST "/users/sign_in" for 127.0.0.1 at 2015-07-24 11:42:05 +0530
Processing by Devise::SessionsController#create as HTML
  Parameters: {"utf8"=>"✓", "authenticity_token"=>"3wHktSRD1CqrESnDLqBf0Wp5zltx5ffHkFHF0oUij1P2Ihquiz37L9Ud+UKUWWrZNYG5n2v8SqbL+iJ1qTRIaA==", "user"=>{"email"=>"admin@admin.com", "password"=>"[FILTERED]", "remember_me"=>"0"}, "commit"=>"Sign in"}
  [1m[36mUser Load (0.4ms)[0m  [1mSELECT  "users".* FROM "users" WHERE "users"."email" = $1  ORDER BY "users"."id" ASC LIMIT 1[0m  [["email", "admin@admin.com"]]
Completed 401 Unauthorized in 97ms
Processing by Devise::SessionsController#new as HTML
  Parameters: {"utf8"=>"✓", "authenticity_token"=>"3wHktSRD1CqrESnDLqBf0Wp5zltx5ffHkFHF0oUij1P2Ihquiz37L9Ud+UKUWWrZNYG5n2v8SqbL+iJ1qTRIaA==", "user"=>{"email"=>"admin@admin.com", "password"=>"[FILTERED]", "remember_me"=>"0"}, "commit"=>"Sign in"}
  Rendered devise/sessions/new.html.erb within layouts/application (9.5ms)
  Rendered layouts/_navigation_links.html.erb (0.1ms)
  Rendered layouts/_navigation.html.erb (1.2ms)
  Rendered layouts/_messages.html.erb (0.0ms)
Completed 200 OK in 401ms (Views: 309.0ms | ActiveRecord: 0.0ms)


Started POST "/users/sign_in" for 127.0.0.1 at 2015-07-24 11:42:11 +0530
Processing by Devise::SessionsController#create as HTML
  Parameters: {"utf8"=>"✓", "authenticity_token"=>"KSdfWGT7Uv9GgEKEbg4WOLTkRlzQloywSGQDwZy46EUABKFDy4V9+jiMkgXU9yMw6xwxmMqPMdETz+RmsK4vfg==", "user"=>{"email"=>"admin@admin.com", "password"=>"[FILTERED]", "remember_me"=>"0"}, "commit"=>"Sign in"}
  [1m[35mUser Load (0.4ms)[0m  SELECT  "users".* FROM "users" WHERE "users"."email" = $1  ORDER BY "users"."id" ASC LIMIT 1  [["email", "admin@admin.com"]]
Completed 401 Unauthorized in 95ms
Processing by Devise::SessionsController#new as HTML
  Parameters: {"utf8"=>"✓", "authenticity_token"=>"KSdfWGT7Uv9GgEKEbg4WOLTkRlzQloywSGQDwZy46EUABKFDy4V9+jiMkgXU9yMw6xwxmMqPMdETz+RmsK4vfg==", "user"=>{"email"=>"admin@admin.com", "password"=>"[FILTERED]", "remember_me"=>"0"}, "commit"=>"Sign in"}
  Rendered devise/sessions/new.html.erb within layouts/application (6.9ms)
  Rendered layouts/_navigation_links.html.erb (0.1ms)
  Rendered layouts/_navigation.html.erb (1.2ms)
  Rendered layouts/_messages.html.erb (0.0ms)
Completed 200 OK in 401ms (Views: 309.7ms | ActiveRecord: 0.0ms)


Started POST "/users/sign_in" for 127.0.0.1 at 2015-07-24 11:42:15 +0530
Processing by Devise::SessionsController#create as HTML
  Parameters: {"utf8"=>"✓", "authenticity_token"=>"mLLdc4jQIb0WwfAqCD2Agbwvb4x/f1pRls77ks82pFmxkSNoJ64OuGjNIKuyxLWJ49cYSGVm5zDNZRw14yBjYg==", "user"=>{"email"=>"admin@admin.com", "password"=>"[FILTERED]", "remember_me"=>"0"}, "commit"=>"Sign in"}
  [1m[36mUser Load (0.5ms)[0m  [1mSELECT  "users".* FROM "users" WHERE "users"."email" = $1  ORDER BY "users"."id" ASC LIMIT 1[0m  [["email", "admin@admin.com"]]
Completed 401 Unauthorized in 96ms
Processing by Devise::SessionsController#new as HTML
  Parameters: {"utf8"=>"✓", "authenticity_token"=>"mLLdc4jQIb0WwfAqCD2Agbwvb4x/f1pRls77ks82pFmxkSNoJ64OuGjNIKuyxLWJ49cYSGVm5zDNZRw14yBjYg==", "user"=>{"email"=>"admin@admin.com", "password"=>"[FILTERED]", "remember_me"=>"0"}, "commit"=>"Sign in"}
  Rendered devise/sessions/new.html.erb within layouts/application (6.9ms)
  Rendered layouts/_navigation_links.html.erb (0.2ms)
  Rendered layouts/_navigation.html.erb (1.3ms)
  Rendered layouts/_messages.html.erb (0.1ms)
Completed 200 OK in 391ms (Views: 298.9ms | ActiveRecord: 0.0ms)


Started POST "/users/sign_in" for 127.0.0.1 at 2015-07-24 11:42:19 +0530
Processing by Devise::SessionsController#create as HTML
  Parameters: {"utf8"=>"✓", "authenticity_token"=>"a9lTaeMs3YMCBnqWwJF/VwlkGguMaQZKJpwK8phtTnpC+q1yTFLyhnwKqhd6aEpfVpxtz5Zwuyt9N+1VtHuJQQ==", "user"=>{"email"=>"admin@admin.com", "password"=>"[FILTERED]", "remember_me"=>"0"}, "commit"=>"Sign in"}
  [1m[35mUser Load (0.3ms)[0m  SELECT  "users".* FROM "users" WHERE "users"."email" = $1  ORDER BY "users"."id" ASC LIMIT 1  [["email", "admin@admin.com"]]
Completed 401 Unauthorized in 94ms
Processing by Devise::SessionsController#new as HTML
  Parameters: {"utf8"=>"✓", "authenticity_token"=>"a9lTaeMs3YMCBnqWwJF/VwlkGguMaQZKJpwK8phtTnpC+q1yTFLyhnwKqhd6aEpfVpxtz5Zwuyt9N+1VtHuJQQ==", "user"=>{"email"=>"admin@admin.com", "password"=>"[FILTERED]", "remember_me"=>"0"}, "commit"=>"Sign in"}
  Rendered devise/sessions/new.html.erb within layouts/application (8.0ms)
  Rendered layouts/_navigation_links.html.erb (0.2ms)
  Rendered layouts/_navigation.html.erb (1.9ms)
  Rendered layouts/_messages.html.erb (0.0ms)
Completed 200 OK in 410ms (Views: 318.0ms | ActiveRecord: 0.0ms)


Started POST "/users/sign_in" for 127.0.0.1 at 2015-07-24 11:42:23 +0530
Processing by Devise::SessionsController#create as HTML
  Parameters: {"utf8"=>"✓", "authenticity_token"=>"YiWqugk1cpo7Bv2aKqqdCq4ejH7m4f41qEWrjK9TgXlLBlShpktdn0UKLRuQU6gC8eb7uvz4Q1Tz7kwrg0VGQg==", "user"=>{"email"=>"admin@admin.com", "password"=>"[FILTERED]", "remember_me"=>"0"}, "commit"=>"Sign in"}
  [1m[36mUser Load (0.4ms)[0m  [1mSELECT  "users".* FROM "users" WHERE "users"."email" = $1  ORDER BY "users"."id" ASC LIMIT 1[0m  [["email", "admin@admin.com"]]
Completed 401 Unauthorized in 97ms
Processing by Devise::SessionsController#new as HTML
  Parameters: {"utf8"=>"✓", "authenticity_token"=>"YiWqugk1cpo7Bv2aKqqdCq4ejH7m4f41qEWrjK9TgXlLBlShpktdn0UKLRuQU6gC8eb7uvz4Q1Tz7kwrg0VGQg==", "user"=>{"email"=>"admin@admin.com", "password"=>"[FILTERED]", "remember_me"=>"0"}, "commit"=>"Sign in"}
  Rendered devise/sessions/new.html.erb within layouts/application (7.4ms)
  Rendered layouts/_navigation_links.html.erb (0.2ms)
  Rendered layouts/_navigation.html.erb (1.2ms)
  Rendered layouts/_messages.html.erb (0.1ms)
Completed 200 OK in 397ms (Views: 305.9ms | ActiveRecord: 0.0ms)


Started POST "/users/sign_in" for 127.0.0.1 at 2015-07-24 11:42:27 +0530
Processing by Devise::SessionsController#create as HTML
  Parameters: {"utf8"=>"✓", "authenticity_token"=>"U+ULSBbQfYt6b7Rve+AemzDOQ0tErMXfGNuq+t8inQZ6xvVTua5SjgRjZO7BGSuTbzY0j161eL5DcE1d8zRaPQ==", "user"=>{"email"=>"admin@admin.com", "password"=>"[FILTERED]", "remember_me"=>"0"}, "commit"=>"Sign in"}
  [1m[35mUser Load (0.3ms)[0m  SELECT  "users".* FROM "users" WHERE "users"."email" = $1  ORDER BY "users"."id" ASC LIMIT 1  [["email", "admin@admin.com"]]
  [1m[36m (0.2ms)[0m  [1mBEGIN[0m
  [1m[35mSQL (22.5ms)[0m  UPDATE "users" SET "last_sign_in_at" = $1, "current_sign_in_at" = $2, "sign_in_count" = $3, "updated_at" = $4 WHERE "users"."id" = $5  [["last_sign_in_at", "2015-06-16 04:37:57.373988"], ["current_sign_in_at", "2015-07-24 06:12:27.434951"], ["sign_in_count", 17], ["updated_at", "2015-07-24 06:12:27.436428"], ["id", 1]]
  [1m[36m (43.5ms)[0m  [1mCOMMIT[0m
Redirected to http://localhost:3000/
Completed 302 Found in 194ms (ActiveRecord: 66.5ms)


Started GET "/" for 127.0.0.1 at 2015-07-24 11:42:27 +0530
  [1m[35mUser Load (0.5ms)[0m  SELECT  "users".* FROM "users" WHERE "users"."id" = $1  ORDER BY "users"."id" ASC LIMIT 1  [["id", 1]]
Processing by UsersController#index as HTML
  [1m[36mUser Load (0.5ms)[0m  [1mSELECT  "users".* FROM "users" WHERE ("users"."id" != $1) LIMIT 10 OFFSET 0[0m  [["id", 1]]
  [1m[35m (0.4ms)[0m  SELECT COUNT(*) FROM "users" WHERE ("users"."id" != $1)  [["id", 1]]
  Rendered users/index.html.erb within layouts/application (48.5ms)
  Rendered layouts/_navigation_links.html.erb (0.3ms)
  Rendered layouts/_navigation.html.erb (1.3ms)
  Rendered layouts/_messages.html.erb (0.1ms)
Completed 200 OK in 351ms (Views: 348.6ms | ActiveRecord: 0.9ms)


Started GET "/users/edit" for 127.0.0.1 at 2015-07-24 11:42:39 +0530
Processing by Devise::RegistrationsController#edit as HTML
  [1m[36mUser Load (0.4ms)[0m  [1mSELECT  "users".* FROM "users" WHERE "users"."id" = $1  ORDER BY "users"."id" ASC LIMIT 1[0m  [["id", 1]]
  Rendered devise/registrations/edit.html.erb within layouts/application (4.4ms)
  Rendered layouts/_navigation_links.html.erb (0.7ms)
  Rendered layouts/_navigation.html.erb (2.3ms)
  Rendered layouts/_messages.html.erb (0.4ms)
Completed 200 OK in 304ms (Views: 301.9ms | ActiveRecord: 0.4ms)


Started PUT "/users" for 127.0.0.1 at 2015-07-24 11:42:51 +0530
Processing by Devise::RegistrationsController#update as HTML
  Parameters: {"utf8"=>"✓", "authenticity_token"=>"gsIfmEPIOsW2i0rPeeRzyL+U2K0EG3lXmY8ELb2yb0ysaVHwS3080TAVuzdMhVLJJSUs1BB/nX6y+FWxD34dyQ==", "user"=>{"name"=>"admin user", "email"=>"admin@admin.com", "password"=>"[FILTERED]", "password_confirmation"=>"[FILTERED]", "current_password"=>"[FILTERED]"}, "commit"=>"Update"}
  [1m[35mUser Load (0.4ms)[0m  SELECT  "users".* FROM "users" WHERE "users"."id" = $1  ORDER BY "users"."id" ASC LIMIT 1  [["id", 1]]
  [1m[36mUser Load (0.5ms)[0m  [1mSELECT  "users".* FROM "users" WHERE "users"."id" = $1 LIMIT 1[0m  [["id", 1]]
  [1m[35m (0.1ms)[0m  BEGIN
  [1m[36m (0.2ms)[0m  [1mROLLBACK[0m
  Rendered devise/registrations/edit.html.erb within layouts/application (4.7ms)
  Rendered layouts/_navigation_links.html.erb (0.3ms)
  Rendered layouts/_navigation.html.erb (1.4ms)
  Rendered layouts/_messages.html.erb (0.0ms)
Completed 200 OK in 517ms (Views: 301.5ms | ActiveRecord: 1.2ms)


Started GET "/allrecords" for 127.0.0.1 at 2015-07-24 11:43:13 +0530
  [1m[35mUser Load (0.5ms)[0m  SELECT  "users".* FROM "users" WHERE "users"."id" = $1  ORDER BY "users"."id" ASC LIMIT 1  [["id", 1]]
Processing by PatientsController#index as HTML
  [1m[36mPatient Load (39.5ms)[0m  [1mSELECT  "patients".* FROM "patients"  ORDER BY "patients"."id" DESC LIMIT 10 OFFSET 0[0m
  [1m[35m (0.3ms)[0m  SELECT COUNT(*) FROM "patients"
  Rendered patients/index.html.erb within layouts/application (66.7ms)
  Rendered layouts/_navigation_links.html.erb (0.3ms)
  Rendered layouts/_navigation.html.erb (1.3ms)
  Rendered layouts/_messages.html.erb (0.1ms)
Completed 200 OK in 376ms (Views: 331.0ms | ActiveRecord: 42.2ms)


Started GET "/users" for 127.0.0.1 at 2015-07-24 11:45:44 +0530
Processing by UsersController#index as HTML
  [1m[36mUser Load (0.6ms)[0m  [1mSELECT  "users".* FROM "users" WHERE "users"."id" = $1  ORDER BY "users"."id" ASC LIMIT 1[0m  [["id", 1]]
  [1m[35mUser Load (0.5ms)[0m  SELECT  "users".* FROM "users" WHERE ("users"."id" != $1) LIMIT 10 OFFSET 0  [["id", 1]]
  [1m[36m (0.5ms)[0m  [1mSELECT COUNT(*) FROM "users" WHERE ("users"."id" != $1)[0m  [["id", 1]]
  Rendered users/index.html.erb within layouts/application (4.7ms)
  Rendered layouts/_navigation_links.html.erb (0.3ms)
  Rendered layouts/_navigation.html.erb (1.5ms)
  Rendered layouts/_messages.html.erb (0.1ms)
Completed 200 OK in 312ms (Views: 307.4ms | ActiveRecord: 1.6ms)


Started GET "/search" for 127.0.0.1 at 2015-07-24 11:45:45 +0530
  [1m[35mUser Load (0.5ms)[0m  SELECT  "users".* FROM "users" WHERE "users"."id" = $1  ORDER BY "users"."id" ASC LIMIT 1  [["id", 1]]
Processing by PatientsController#search as HTML
  [1m[36mPatient Load (1.0ms)[0m  [1mSELECT  "patients".* FROM "patients" WHERE (gender LIKE '%%' AND  location LIKE '%%' AND topicdiscussed LIKE '%%' AND timelength LIKE '%%' AND noofparticipant LIKE '%%' AND computer LIKE '%%' AND startdate >= '%1970-01-01%' AND startdate <= '%2100-12-31%')  ORDER BY "patients"."id" DESC LIMIT 10 OFFSET 0[0m
  [1m[35m (0.8ms)[0m  SELECT COUNT(*) FROM "patients" WHERE (gender LIKE '%%' AND  location LIKE '%%' AND topicdiscussed LIKE '%%' AND timelength LIKE '%%' AND noofparticipant LIKE '%%' AND computer LIKE '%%' AND startdate >= '%1970-01-01%' AND startdate <= '%2100-12-31%')
  Rendered patients/search.erb within layouts/application (6.9ms)
  Rendered layouts/_navigation_links.html.erb (0.3ms)
  Rendered layouts/_navigation.html.erb (1.4ms)
  Rendered layouts/_messages.html.erb (0.0ms)
Completed 200 OK in 316ms (Views: 313.6ms | ActiveRecord: 1.8ms)


Started GET "/allrecords" for 127.0.0.1 at 2015-07-24 11:45:50 +0530
  [1m[36mUser Load (0.3ms)[0m  [1mSELECT  "users".* FROM "users" WHERE "users"."id" = $1  ORDER BY "users"."id" ASC LIMIT 1[0m  [["id", 1]]
Processing by PatientsController#index as HTML
  [1m[35mPatient Load (0.5ms)[0m  SELECT  "patients".* FROM "patients"  ORDER BY "patients"."id" DESC LIMIT 10 OFFSET 0
  [1m[36m (0.3ms)[0m  [1mSELECT COUNT(*) FROM "patients"[0m
  Rendered patients/index.html.erb within layouts/application (5.6ms)
  Rendered layouts/_navigation_links.html.erb (0.3ms)
  Rendered layouts/_navigation.html.erb (1.6ms)
  Rendered layouts/_messages.html.erb (0.1ms)
Completed 200 OK in 304ms (Views: 302.1ms | ActiveRecord: 0.8ms)


Started GET "/allrecords" for 127.0.0.1 at 2015-07-24 11:45:54 +0530
  [1m[35mUser Load (0.3ms)[0m  SELECT  "users".* FROM "users" WHERE "users"."id" = $1  ORDER BY "users"."id" ASC LIMIT 1  [["id", 1]]
Processing by PatientsController#index as HTML
  [1m[36mPatient Load (0.5ms)[0m  [1mSELECT  "patients".* FROM "patients"  ORDER BY "patients"."id" DESC LIMIT 10 OFFSET 0[0m
  [1m[35m (0.3ms)[0m  SELECT COUNT(*) FROM "patients"
  Rendered patients/index.html.erb within layouts/application (3.5ms)
  Rendered layouts/_navigation_links.html.erb (0.3ms)
  Rendered layouts/_navigation.html.erb (1.4ms)
  Rendered layouts/_messages.html.erb (0.0ms)
Completed 200 OK in 303ms (Views: 301.2ms | ActiveRecord: 0.9ms)


Started GET "/patients/13" for 127.0.0.1 at 2015-07-24 11:45:55 +0530
Processing by PatientsController#show as HTML
  Parameters: {"id"=>"13"}
  [1m[36mPatient Load (0.4ms)[0m  [1mSELECT  "patients".* FROM "patients" WHERE "patients"."id" = $1 LIMIT 1[0m  [["id", 13]]
  Rendered shared/_notice.html.erb (0.4ms)
  Rendered patients/show.html.erb within layouts/application (2.5ms)
  [1m[35mUser Load (0.4ms)[0m  SELECT  "users".* FROM "users" WHERE "users"."id" = $1  ORDER BY "users"."id" ASC LIMIT 1  [["id", 1]]
  Rendered layouts/_navigation_links.html.erb (1.5ms)
  Rendered layouts/_navigation.html.erb (2.8ms)
  Rendered layouts/_messages.html.erb (0.0ms)
Completed 200 OK in 329ms (Views: 326.1ms | ActiveRecord: 0.7ms)


Started GET "/allrecords" for 127.0.0.1 at 2015-07-24 11:46:00 +0530
  [1m[36mUser Load (0.4ms)[0m  [1mSELECT  "users".* FROM "users" WHERE "users"."id" = $1  ORDER BY "users"."id" ASC LIMIT 1[0m  [["id", 1]]
Processing by PatientsController#index as HTML
  [1m[35mPatient Load (0.8ms)[0m  SELECT  "patients".* FROM "patients"  ORDER BY "patients"."id" DESC LIMIT 10 OFFSET 0
  [1m[36m (0.4ms)[0m  [1mSELECT COUNT(*) FROM "patients"[0m
  Rendered patients/index.html.erb within layouts/application (5.0ms)
  Rendered layouts/_navigation_links.html.erb (0.3ms)
  Rendered layouts/_navigation.html.erb (1.5ms)
  Rendered layouts/_messages.html.erb (0.0ms)
Completed 200 OK in 301ms (Views: 298.9ms | ActiveRecord: 1.2ms)


Started GET "/search" for 127.0.0.1 at 2015-07-24 11:46:03 +0530
  [1m[35mUser Load (0.3ms)[0m  SELECT  "users".* FROM "users" WHERE "users"."id" = $1  ORDER BY "users"."id" ASC LIMIT 1  [["id", 1]]
Processing by PatientsController#search as HTML
  [1m[36mPatient Load (0.8ms)[0m  [1mSELECT  "patients".* FROM "patients" WHERE (gender LIKE '%%' AND  location LIKE '%%' AND topicdiscussed LIKE '%%' AND timelength LIKE '%%' AND noofparticipant LIKE '%%' AND computer LIKE '%%' AND startdate >= '%1970-01-01%' AND startdate <= '%2100-12-31%')  ORDER BY "patients"."id" DESC LIMIT 10 OFFSET 0[0m
  [1m[35m (0.6ms)[0m  SELECT COUNT(*) FROM "patients" WHERE (gender LIKE '%%' AND  location LIKE '%%' AND topicdiscussed LIKE '%%' AND timelength LIKE '%%' AND noofparticipant LIKE '%%' AND computer LIKE '%%' AND startdate >= '%1970-01-01%' AND startdate <= '%2100-12-31%')
  Rendered patients/search.erb within layouts/application (7.9ms)
  Rendered layouts/_navigation_links.html.erb (0.3ms)
  Rendered layouts/_navigation.html.erb (1.6ms)
  Rendered layouts/_messages.html.erb (0.0ms)
Completed 200 OK in 314ms (Views: 311.8ms | ActiveRecord: 1.4ms)


Started GET "/search?utf8=%E2%9C%93&fromdate=&todate=&gender=&location=&topic=&duration=&computer=&type=Group&search=Search" for 127.0.0.1 at 2015-07-24 11:46:26 +0530
  [1m[36mUser Load (0.2ms)[0m  [1mSELECT  "users".* FROM "users" WHERE "users"."id" = $1  ORDER BY "users"."id" ASC LIMIT 1[0m  [["id", 1]]
Processing by PatientsController#search as HTML
  Parameters: {"utf8"=>"✓", "fromdate"=>"", "todate"=>"", "gender"=>"", "location"=>"", "topic"=>"", "duration"=>"", "computer"=>"", "type"=>"Group", "search"=>"Search"}
  [1m[35mPatient Load (0.5ms)[0m  SELECT  "patients".* FROM "patients" WHERE (gender LIKE '%%' AND  location LIKE '%%' AND topicdiscussed LIKE '%%' AND timelength LIKE '%%' AND noofparticipant LIKE '%Group%' AND computer LIKE '%%' AND startdate >= '%1970-01-01%' AND startdate <= '%2100-12-31%')  ORDER BY "patients"."id" DESC LIMIT 10 OFFSET 0
  [1m[36m (0.5ms)[0m  [1mSELECT COUNT(*) FROM "patients" WHERE (gender LIKE '%%' AND  location LIKE '%%' AND topicdiscussed LIKE '%%' AND timelength LIKE '%%' AND noofparticipant LIKE '%Group%' AND computer LIKE '%%' AND startdate >= '%1970-01-01%' AND startdate <= '%2100-12-31%')[0m
  Rendered patients/search.erb within layouts/application (6.1ms)
  Rendered layouts/_navigation_links.html.erb (0.3ms)
  Rendered layouts/_navigation.html.erb (1.4ms)
  Rendered layouts/_messages.html.erb (0.0ms)
Completed 200 OK in 306ms (Views: 304.3ms | ActiveRecord: 1.0ms)


Started GET "/search?utf8=%E2%9C%93&fromdate=&todate=&gender=&location=&topic=&duration=&computer=&type=Group&search=Search" for 127.0.0.1 at 2015-07-24 12:11:30 +0530
  [1m[36mActiveRecord::SchemaMigration Load (0.7ms)[0m  [1mSELECT "schema_migrations".* FROM "schema_migrations"[0m
  [1m[35mUser Load (0.8ms)[0m  SELECT  "users".* FROM "users" WHERE "users"."id" = $1  ORDER BY "users"."id" ASC LIMIT 1  [["id", 1]]
Processing by PatientsController#search as HTML
  Parameters: {"utf8"=>"✓", "fromdate"=>"", "todate"=>"", "gender"=>"", "location"=>"", "topic"=>"", "duration"=>"", "computer"=>"", "type"=>"Group", "search"=>"Search"}
  [1m[36mPatient Load (2.9ms)[0m  [1mSELECT  "patients".* FROM "patients" WHERE (gender LIKE '%%' AND  location LIKE '%%' AND topicdiscussed LIKE '%%' AND timelength LIKE '%%' AND noofparticipant LIKE '%Group%' AND computer LIKE '%%' AND startdate >= '%1970-01-01%' AND startdate <= '%2100-12-31%')  ORDER BY "patients"."id" DESC LIMIT 10 OFFSET 0[0m
  [1m[35m (0.5ms)[0m  SELECT COUNT(*) FROM "patients" WHERE (gender LIKE '%%' AND  location LIKE '%%' AND topicdiscussed LIKE '%%' AND timelength LIKE '%%' AND noofparticipant LIKE '%Group%' AND computer LIKE '%%' AND startdate >= '%1970-01-01%' AND startdate <= '%2100-12-31%')
  Rendered patients/search.erb within layouts/application (17.7ms)
  Rendered layouts/_navigation_links.html.erb (0.7ms)
  Rendered layouts/_navigation.html.erb (3.6ms)
  Rendered layouts/_messages.html.erb (0.4ms)
Completed 200 OK in 935ms (Views: 927.4ms | ActiveRecord: 4.6ms)


Started GET "/users" for 127.0.0.1 at 2015-07-24 12:11:33 +0530
Processing by UsersController#index as HTML
  [1m[36mUser Load (0.7ms)[0m  [1mSELECT  "users".* FROM "users" WHERE "users"."id" = $1  ORDER BY "users"."id" ASC LIMIT 1[0m  [["id", 1]]
  [1m[35mUser Load (0.4ms)[0m  SELECT  "users".* FROM "users" WHERE ("users"."id" != $1) LIMIT 10 OFFSET 0  [["id", 1]]
  [1m[36m (0.3ms)[0m  [1mSELECT COUNT(*) FROM "users" WHERE ("users"."id" != $1)[0m  [["id", 1]]
  Rendered users/index.html.erb within layouts/application (5.8ms)
  Rendered layouts/_navigation_links.html.erb (0.7ms)
  Rendered layouts/_navigation.html.erb (2.4ms)
  Rendered layouts/_messages.html.erb (0.4ms)
Completed 200 OK in 358ms (Views: 354.3ms | ActiveRecord: 1.4ms)


Started GET "/allrecords" for 127.0.0.1 at 2015-07-24 12:11:38 +0530
  [1m[35mUser Load (0.5ms)[0m  SELECT  "users".* FROM "users" WHERE "users"."id" = $1  ORDER BY "users"."id" ASC LIMIT 1  [["id", 1]]
Processing by PatientsController#index as HTML
  [1m[36mPatient Load (0.7ms)[0m  [1mSELECT  "patients".* FROM "patients"  ORDER BY "patients"."id" DESC LIMIT 10 OFFSET 0[0m
  [1m[35m (0.7ms)[0m  SELECT COUNT(*) FROM "patients"
  Rendered patients/index.html.erb within layouts/application (23.0ms)
  Rendered layouts/_navigation_links.html.erb (0.3ms)
  Rendered layouts/_navigation.html.erb (1.5ms)
  Rendered layouts/_messages.html.erb (0.1ms)
Completed 200 OK in 411ms (Views: 408.3ms | ActiveRecord: 2.3ms)


Started GET "/patients/13/edit" for 127.0.0.1 at 2015-07-24 12:11:40 +0530
Processing by PatientsController#edit as HTML
  Parameters: {"id"=>"13"}
  [1m[36mPatient Load (0.4ms)[0m  [1mSELECT  "patients".* FROM "patients" WHERE "patients"."id" = $1 LIMIT 1[0m  [["id", 13]]
  Rendered shared/_error_messages.html.erb (33.1ms)
  [1m[35mUser Load (0.6ms)[0m  SELECT  "users".* FROM "users" WHERE "users"."id" = $1  ORDER BY "users"."id" ASC LIMIT 1  [["id", 1]]
  Rendered patients/_form.html.erb (441.5ms)
  Rendered patients/edit.html.erb within layouts/application (442.5ms)
  Rendered layouts/_navigation_links.html.erb (0.3ms)
  Rendered layouts/_navigation.html.erb (1.5ms)
  Rendered layouts/_messages.html.erb (0.1ms)
Completed 200 OK in 789ms (Views: 756.4ms | ActiveRecord: 0.9ms)


Started GET "/search" for 127.0.0.1 at 2015-07-24 12:11:48 +0530
  [1m[36mUser Load (0.5ms)[0m  [1mSELECT  "users".* FROM "users" WHERE "users"."id" = $1  ORDER BY "users"."id" ASC LIMIT 1[0m  [["id", 1]]
Processing by PatientsController#search as HTML
  [1m[35mPatient Load (0.8ms)[0m  SELECT  "patients".* FROM "patients" WHERE (gender LIKE '%%' AND  location LIKE '%%' AND topicdiscussed LIKE '%%' AND timelength LIKE '%%' AND noofparticipant LIKE '%%' AND computer LIKE '%%' AND startdate >= '%1970-01-01%' AND startdate <= '%2100-12-31%')  ORDER BY "patients"."id" DESC LIMIT 10 OFFSET 0
  [1m[36m (0.3ms)[0m  [1mSELECT COUNT(*) FROM "patients" WHERE (gender LIKE '%%' AND  location LIKE '%%' AND topicdiscussed LIKE '%%' AND timelength LIKE '%%' AND noofparticipant LIKE '%%' AND computer LIKE '%%' AND startdate >= '%1970-01-01%' AND startdate <= '%2100-12-31%')[0m
  Rendered patients/search.erb within layouts/application (7.4ms)
  Rendered layouts/_navigation_links.html.erb (0.3ms)
  Rendered layouts/_navigation.html.erb (1.6ms)
  Rendered layouts/_messages.html.erb (0.0ms)
Completed 200 OK in 349ms (Views: 347.3ms | ActiveRecord: 1.0ms)


Started GET "/search" for 127.0.0.1 at 2015-07-24 12:13:57 +0530
  [1m[35mUser Load (0.6ms)[0m  SELECT  "users".* FROM "users" WHERE "users"."id" = $1  ORDER BY "users"."id" ASC LIMIT 1  [["id", 1]]
Processing by PatientsController#search as HTML
  [1m[36mPatient Load (1.1ms)[0m  [1mSELECT  "patients".* FROM "patients" WHERE (gender LIKE '%%' AND  location LIKE '%%' AND topicdiscussed LIKE '%%' AND timelength LIKE '%%' AND noofparticipant LIKE '%%' AND computer LIKE '%%' AND startdate >= '%1970-01-01%' AND startdate <= '%2100-12-31%')  ORDER BY "patients"."id" DESC LIMIT 10 OFFSET 0[0m
  [1m[35m (0.8ms)[0m  SELECT COUNT(*) FROM "patients" WHERE (gender LIKE '%%' AND  location LIKE '%%' AND topicdiscussed LIKE '%%' AND timelength LIKE '%%' AND noofparticipant LIKE '%%' AND computer LIKE '%%' AND startdate >= '%1970-01-01%' AND startdate <= '%2100-12-31%')
  Rendered patients/search.erb within layouts/application (7.6ms)
  Rendered layouts/_navigation_links.html.erb (0.3ms)
  Rendered layouts/_navigation.html.erb (1.5ms)
  Rendered layouts/_messages.html.erb (0.1ms)
Completed 200 OK in 313ms (Views: 310.5ms | ActiveRecord: 1.9ms)


Started GET "/" for 127.0.0.1 at 2015-07-24 14:52:46 +0530
Processing by Devise::SessionsController#new as HTML
  Rendered devise/sessions/new.html.erb within layouts/application (272.6ms)
  Rendered layouts/_navigation_links.html.erb (0.2ms)
  Rendered layouts/_navigation.html.erb (2.2ms)
  Rendered layouts/_messages.html.erb (0.0ms)
Completed 200 OK in 963ms (Views: 951.7ms | ActiveRecord: 0.0ms)


Started POST "/users/sign_in" for 127.0.0.1 at 2015-07-24 14:52:59 +0530
Processing by Devise::SessionsController#create as HTML
  Parameters: {"utf8"=>"✓", "authenticity_token"=>"n4zdn8s7TJRidD7Dzt8S4q5EO1uqXdS4xbnPPEdFiWJ7yWBcgFvF8H8CmaJ2M7BRlGGQcbmGzokTGl91ixeyNw==", "user"=>{"email"=>"admin@admin.com", "password"=>"[FILTERED]", "remember_me"=>"0"}, "commit"=>"Sign in"}
  [1m[36mUser Load (0.4ms)[0m  [1mSELECT  "users".* FROM "users" WHERE "users"."email" = $1  ORDER BY "users"."id" ASC LIMIT 1[0m  [["email", "admin@admin.com"]]
  [1m[35m (0.3ms)[0m  BEGIN
  [1m[36mSQL (26.8ms)[0m  [1mUPDATE "users" SET "last_sign_in_at" = $1, "current_sign_in_at" = $2, "sign_in_count" = $3, "updated_at" = $4 WHERE "users"."id" = $5[0m  [["last_sign_in_at", "2015-07-24 06:12:27.434951"], ["current_sign_in_at", "2015-07-24 09:23:00.040824"], ["sign_in_count", 18], ["updated_at", "2015-07-24 09:23:00.042478"], ["id", 1]]
  [1m[35m (33.1ms)[0m  COMMIT
Redirected to http://localhost:3000/
Completed 302 Found in 495ms (ActiveRecord: 60.5ms)


Started GET "/" for 127.0.0.1 at 2015-07-24 14:53:00 +0530
  [1m[36mUser Load (0.4ms)[0m  [1mSELECT  "users".* FROM "users" WHERE "users"."id" = $1  ORDER BY "users"."id" ASC LIMIT 1[0m  [["id", 1]]
Processing by UsersController#index as HTML
  [1m[35mUser Load (0.5ms)[0m  SELECT  "users".* FROM "users" WHERE ("users"."id" != $1) LIMIT 10 OFFSET 0  [["id", 1]]
  [1m[36m (0.4ms)[0m  [1mSELECT COUNT(*) FROM "users" WHERE ("users"."id" != $1)[0m  [["id", 1]]
  Rendered users/index.html.erb within layouts/application (26.0ms)
  Rendered layouts/_navigation_links.html.erb (0.3ms)
  Rendered layouts/_navigation.html.erb (1.3ms)
  Rendered layouts/_messages.html.erb (0.1ms)
Completed 200 OK in 345ms (Views: 343.8ms | ActiveRecord: 0.9ms)


Started GET "/search" for 127.0.0.1 at 2015-07-24 14:53:03 +0530
  [1m[35mUser Load (0.4ms)[0m  SELECT  "users".* FROM "users" WHERE "users"."id" = $1  ORDER BY "users"."id" ASC LIMIT 1  [["id", 1]]
Processing by PatientsController#search as HTML
  [1m[36mPatient Load (0.8ms)[0m  [1mSELECT  "patients".* FROM "patients" WHERE (gender LIKE '%%' AND  location LIKE '%%' AND topicdiscussed LIKE '%%' AND timelength LIKE '%%' AND noofparticipant LIKE '%%' AND computer LIKE '%%' AND startdate >= '%1970-01-01%' AND startdate <= '%2100-12-31%')  ORDER BY "patients"."id" DESC LIMIT 10 OFFSET 0[0m
  [1m[35m (0.6ms)[0m  SELECT COUNT(*) FROM "patients" WHERE (gender LIKE '%%' AND  location LIKE '%%' AND topicdiscussed LIKE '%%' AND timelength LIKE '%%' AND noofparticipant LIKE '%%' AND computer LIKE '%%' AND startdate >= '%1970-01-01%' AND startdate <= '%2100-12-31%')
  Rendered patients/search.erb within layouts/application (8.0ms)
  Rendered layouts/_navigation_links.html.erb (0.3ms)
  Rendered layouts/_navigation.html.erb (1.4ms)
  Rendered layouts/_messages.html.erb (0.1ms)
Completed 200 OK in 306ms (Views: 304.2ms | ActiveRecord: 1.4ms)


Started GET "/search?utf8=%E2%9C%93&fromdate=&todate=&gender=&location=&topic=&duration=&computer=&type=&search=Search" for 127.0.0.1 at 2015-07-24 14:53:14 +0530
  [1m[36mUser Load (0.3ms)[0m  [1mSELECT  "users".* FROM "users" WHERE "users"."id" = $1  ORDER BY "users"."id" ASC LIMIT 1[0m  [["id", 1]]
Processing by PatientsController#search as HTML
  Parameters: {"utf8"=>"✓", "fromdate"=>"", "todate"=>"", "gender"=>"", "location"=>"", "topic"=>"", "duration"=>"", "computer"=>"", "type"=>"", "search"=>"Search"}
  [1m[35mPatient Load (0.9ms)[0m  SELECT  "patients".* FROM "patients" WHERE (gender LIKE '%%' AND  location LIKE '%%' AND topicdiscussed LIKE '%%' AND timelength LIKE '%%' AND noofparticipant LIKE '%%' AND computer LIKE '%%' AND startdate >= '%1970-01-01%' AND startdate <= '%2100-12-31%')  ORDER BY "patients"."id" DESC LIMIT 10 OFFSET 0
  [1m[36m (0.5ms)[0m  [1mSELECT COUNT(*) FROM "patients" WHERE (gender LIKE '%%' AND  location LIKE '%%' AND topicdiscussed LIKE '%%' AND timelength LIKE '%%' AND noofparticipant LIKE '%%' AND computer LIKE '%%' AND startdate >= '%1970-01-01%' AND startdate <= '%2100-12-31%')[0m
  Rendered patients/search.erb within layouts/application (10.0ms)
  Rendered layouts/_navigation_links.html.erb (0.5ms)
  Rendered layouts/_navigation.html.erb (1.8ms)
  Rendered layouts/_messages.html.erb (0.1ms)
Completed 200 OK in 321ms (Views: 318.5ms | ActiveRecord: 1.4ms)


Started GET "/allrecords" for 127.0.0.1 at 2015-07-24 14:53:22 +0530
  [1m[35mUser Load (0.3ms)[0m  SELECT  "users".* FROM "users" WHERE "users"."id" = $1  ORDER BY "users"."id" ASC LIMIT 1  [["id", 1]]
Processing by PatientsController#index as HTML
  [1m[36mPatient Load (0.6ms)[0m  [1mSELECT  "patients".* FROM "patients"  ORDER BY "patients"."id" DESC LIMIT 10 OFFSET 0[0m
  [1m[35m (0.3ms)[0m  SELECT COUNT(*) FROM "patients"
  Rendered patients/index.html.erb within layouts/application (3.7ms)
  Rendered layouts/_navigation_links.html.erb (0.3ms)
  Rendered layouts/_navigation.html.erb (1.4ms)
  Rendered layouts/_messages.html.erb (0.1ms)
Completed 200 OK in 322ms (Views: 320.3ms | ActiveRecord: 0.9ms)


Started GET "/patients/13/edit" for 127.0.0.1 at 2015-07-24 14:53:23 +0530
Processing by PatientsController#edit as HTML
  Parameters: {"id"=>"13"}
  [1m[36mPatient Load (0.5ms)[0m  [1mSELECT  "patients".* FROM "patients" WHERE "patients"."id" = $1 LIMIT 1[0m  [["id", 13]]
  Rendered shared/_error_messages.html.erb (0.1ms)
  [1m[35mUser Load (0.4ms)[0m  SELECT  "users".* FROM "users" WHERE "users"."id" = $1  ORDER BY "users"."id" ASC LIMIT 1  [["id", 1]]
  Rendered patients/_form.html.erb (35.2ms)
  Rendered patients/edit.html.erb within layouts/application (35.8ms)
  Rendered layouts/_navigation_links.html.erb (0.3ms)
  Rendered layouts/_navigation.html.erb (1.6ms)
  Rendered layouts/_messages.html.erb (0.1ms)
Completed 200 OK in 341ms (Views: 338.3ms | ActiveRecord: 0.9ms)


Started GET "/search" for 127.0.0.1 at 2015-07-24 14:54:19 +0530
  [1m[36mUser Load (0.3ms)[0m  [1mSELECT  "users".* FROM "users" WHERE "users"."id" = $1  ORDER BY "users"."id" ASC LIMIT 1[0m  [["id", 1]]
Processing by PatientsController#search as HTML
  [1m[35mPatient Load (0.7ms)[0m  SELECT  "patients".* FROM "patients" WHERE (gender LIKE '%%' AND  location LIKE '%%' AND topicdiscussed LIKE '%%' AND timelength LIKE '%%' AND noofparticipant LIKE '%%' AND computer LIKE '%%' AND startdate >= '%1970-01-01%' AND startdate <= '%2100-12-31%')  ORDER BY "patients"."id" DESC LIMIT 10 OFFSET 0
  [1m[36m (0.5ms)[0m  [1mSELECT COUNT(*) FROM "patients" WHERE (gender LIKE '%%' AND  location LIKE '%%' AND topicdiscussed LIKE '%%' AND timelength LIKE '%%' AND noofparticipant LIKE '%%' AND computer LIKE '%%' AND startdate >= '%1970-01-01%' AND startdate <= '%2100-12-31%')[0m
  Rendered patients/search.erb within layouts/application (4.6ms)
  Rendered layouts/_navigation_links.html.erb (0.3ms)
  Rendered layouts/_navigation.html.erb (1.4ms)
  Rendered layouts/_messages.html.erb (0.0ms)
Completed 200 OK in 300ms (Views: 298.4ms | ActiveRecord: 1.1ms)


Started GET "/allrecords" for 127.0.0.1 at 2015-07-24 14:54:21 +0530
  [1m[35mUser Load (0.4ms)[0m  SELECT  "users".* FROM "users" WHERE "users"."id" = $1  ORDER BY "users"."id" ASC LIMIT 1  [["id", 1]]
Processing by PatientsController#index as HTML
  [1m[36mPatient Load (0.6ms)[0m  [1mSELECT  "patients".* FROM "patients"  ORDER BY "patients"."id" DESC LIMIT 10 OFFSET 0[0m
  [1m[35m (0.5ms)[0m  SELECT COUNT(*) FROM "patients"
  Rendered patients/index.html.erb within layouts/application (6.2ms)
  Rendered layouts/_navigation_links.html.erb (0.2ms)
  Rendered layouts/_navigation.html.erb (1.4ms)
  Rendered layouts/_messages.html.erb (0.1ms)
Completed 200 OK in 309ms (Views: 306.8ms | ActiveRecord: 1.1ms)


Started GET "/bulkcreate" for 127.0.0.1 at 2015-07-24 14:54:22 +0530
  [1m[36mUser Load (0.4ms)[0m  [1mSELECT  "users".* FROM "users" WHERE "users"."id" = $1  ORDER BY "users"."id" ASC LIMIT 1[0m  [["id", 1]]
Processing by PatientsController#bulkcreate as HTML
  [1m[35mPatient Load (0.6ms)[0m  SELECT  "patients".* FROM "patients"  ORDER BY "patients"."id" DESC LIMIT 10
  Rendered patients/bulkcreate.erb within layouts/application (5.1ms)
  Rendered layouts/_navigation_links.html.erb (0.3ms)
  Rendered layouts/_navigation.html.erb (1.5ms)
  Rendered layouts/_messages.html.erb (0.0ms)
Completed 200 OK in 297ms (Views: 295.6ms | ActiveRecord: 0.6ms)

ActionController::RoutingError (No route matches [GET] "/assets/bootstrap.css.map"):
  actionpack (4.2.0) lib/action_dispatch/middleware/debug_exceptions.rb:21:in `call'
  web-console (2.1.2) lib/web_console/middleware.rb:37:in `call'
  actionpack (4.2.0) lib/action_dispatch/middleware/show_exceptions.rb:30:in `call'
  railties (4.2.0) lib/rails/rack/logger.rb:38:in `call_app'
  railties (4.2.0) lib/rails/rack/logger.rb:20:in `block in call'
  activesupport (4.2.0) lib/active_support/tagged_logging.rb:68:in `block in tagged'
  activesupport (4.2.0) lib/active_support/tagged_logging.rb:26:in `tagged'
  activesupport (4.2.0) lib/active_support/tagged_logging.rb:68:in `tagged'
  railties (4.2.0) lib/rails/rack/logger.rb:20:in `call'
  quiet_assets (1.1.0) lib/quiet_assets.rb:27:in `call_with_quiet_assets'
  actionpack (4.2.0) lib/action_dispatch/middleware/request_id.rb:21:in `call'
  rack (1.6.1) lib/rack/methodoverride.rb:22:in `call'
  rack (1.6.1) lib/rack/runtime.rb:18:in `call'
  activesupport (4.2.0) lib/active_support/cache/strategy/local_cache_middleware.rb:28:in `call'
  rack (1.6.1) lib/rack/lock.rb:17:in `call'
  actionpack (4.2.0) lib/action_dispatch/middleware/static.rb:113:in `call'
  rack (1.6.1) lib/rack/sendfile.rb:113:in `call'
  railties (4.2.0) lib/rails/engine.rb:518:in `call'
  railties (4.2.0) lib/rails/application.rb:164:in `call'
  rack (1.6.1) lib/rack/lock.rb:17:in `call'
  rack (1.6.1) lib/rack/content_length.rb:15:in `call'
  rack (1.6.1) lib/rack/handler/webrick.rb:89:in `service'
  /usr/local/lib/ruby/2.2.0/webrick/httpserver.rb:138:in `service'
  /usr/local/lib/ruby/2.2.0/webrick/httpserver.rb:94:in `run'
  /usr/local/lib/ruby/2.2.0/webrick/server.rb:294:in `block in start_thread'




Started GET "/bulkcreate" for 127.0.0.1 at 2015-07-24 15:51:29 +0530
  [1m[36mActiveRecord::SchemaMigration Load (0.7ms)[0m  [1mSELECT "schema_migrations".* FROM "schema_migrations"[0m
  [1m[35mUser Load (0.7ms)[0m  SELECT  "users".* FROM "users" WHERE "users"."id" = $1  ORDER BY "users"."id" ASC LIMIT 1  [["id", 1]]
Processing by PatientsController#bulkcreate as HTML
  [1m[36mPatient Load (0.9ms)[0m  [1mSELECT  "patients".* FROM "patients"  ORDER BY "patients"."id" DESC LIMIT 10[0m
  Rendered patients/bulkcreate.erb within layouts/application (5.1ms)
  Rendered layouts/_navigation_links.html.erb (1.0ms)
  Rendered layouts/_navigation.html.erb (5.3ms)
  Rendered layouts/_messages.html.erb (0.6ms)
Completed 200 OK in 1010ms (Views: 979.4ms | ActiveRecord: 2.7ms)


Started GET "/search" for 127.0.0.1 at 2015-07-24 15:51:41 +0530
  [1m[35mUser Load (0.4ms)[0m  SELECT  "users".* FROM "users" WHERE "users"."id" = $1  ORDER BY "users"."id" ASC LIMIT 1  [["id", 1]]
Processing by PatientsController#search as HTML
  [1m[36mPatient Load (0.8ms)[0m  [1mSELECT  "patients".* FROM "patients" WHERE (gender LIKE '%%' AND  location LIKE '%%' AND topicdiscussed LIKE '%%' AND timelength LIKE '%%' AND noofparticipant LIKE '%%' AND computer LIKE '%%' AND startdate >= '%1970-01-01%' AND startdate <= '%2100-12-31%')  ORDER BY "patients"."id" DESC LIMIT 10 OFFSET 0[0m
  [1m[35m (0.5ms)[0m  SELECT COUNT(*) FROM "patients" WHERE (gender LIKE '%%' AND  location LIKE '%%' AND topicdiscussed LIKE '%%' AND timelength LIKE '%%' AND noofparticipant LIKE '%%' AND computer LIKE '%%' AND startdate >= '%1970-01-01%' AND startdate <= '%2100-12-31%')
  Rendered patients/search.erb within layouts/application (21.0ms)
  Rendered layouts/_navigation_links.html.erb (1.1ms)
  Rendered layouts/_navigation.html.erb (3.5ms)
  Rendered layouts/_messages.html.erb (0.4ms)
Completed 200 OK in 381ms (Views: 378.5ms | ActiveRecord: 1.3ms)


Started GET "/allrecords" for 127.0.0.1 at 2015-07-24 15:51:44 +0530
  [1m[36mUser Load (0.5ms)[0m  [1mSELECT  "users".* FROM "users" WHERE "users"."id" = $1  ORDER BY "users"."id" ASC LIMIT 1[0m  [["id", 1]]
Processing by PatientsController#index as HTML
  [1m[35mPatient Load (0.7ms)[0m  SELECT  "patients".* FROM "patients"  ORDER BY "patients"."id" DESC LIMIT 10 OFFSET 0
  [1m[36m (0.6ms)[0m  [1mSELECT COUNT(*) FROM "patients"[0m
  Rendered patients/index.html.erb within layouts/application (7.8ms)
  Rendered layouts/_navigation_links.html.erb (0.3ms)
  Rendered layouts/_navigation.html.erb (1.4ms)
  Rendered layouts/_messages.html.erb (0.1ms)
Completed 200 OK in 350ms (Views: 348.5ms | ActiveRecord: 1.3ms)


Started GET "/patients/new" for 127.0.0.1 at 2015-07-24 15:51:46 +0530
Processing by PatientsController#new as HTML
  Rendered shared/_error_messages.html.erb (19.5ms)
  [1m[35mUser Load (0.4ms)[0m  SELECT  "users".* FROM "users" WHERE "users"."id" = $1  ORDER BY "users"."id" ASC LIMIT 1  [["id", 1]]
  Rendered patients/_form.html.erb (357.7ms)
  Rendered patients/new.html.erb within layouts/application (358.7ms)
  Rendered layouts/_navigation_links.html.erb (0.3ms)
  Rendered layouts/_navigation.html.erb (1.6ms)
  Rendered layouts/_messages.html.erb (0.1ms)
Completed 200 OK in 686ms (Views: 684.3ms | ActiveRecord: 0.4ms)


Started POST "/patients" for 127.0.0.1 at 2015-07-24 15:52:15 +0530
Processing by PatientsController#create as HTML
  Parameters: {"utf8"=>"✓", "authenticity_token"=>"J7Yui3m5RG/sT4N2GI8Rr0YcV8tN9GVQp5U25l+mUTcrMKyp5o0XGH2LgWyseR+YcdHpdLUaT7a35Z2ekhftzw==", "patient"=>{"userid"=>"1", "startdate"=>"07/09/2015", "starttime"=>"4:00 PM", "initialcontact"=>"asasASA", "languagespeaking"=>"English", "agerange"=>"35-40", "gender"=>"Female", "languagereading"=>"ASASAsa", "computerskills"=>"Beginner", "computer"=>"Yes", "topicdiscussed"=>"Hypertension and Nutrition", "notes"=>"asdsadasdas", "noofparticipant"=>"dsadsadsad", "timelength"=>"10 MIN", "location"=>"Family Focus", "noofinteraction"=>"Group"}, "commit"=>"Save"}
  [1m[36m (0.2ms)[0m  [1mBEGIN[0m
  [1m[35mSQL (39.1ms)[0m  INSERT INTO "patients" ("userid", "startdate", "starttime", "initialcontact", "agerange", "gender", "languagespeaking", "languagereading", "computer", "computerskills", "topicdiscussed", "timelength", "notes", "noofparticipant", "noofinteraction", "location") VALUES ($1, $2, $3, $4, $5, $6, $7, $8, $9, $10, $11, $12, $13, $14, $15, $16) RETURNING "id"  [["userid", 1], ["startdate", "2015-07-09"], ["starttime", "2000-01-01 16:00:00.000000"], ["initialcontact", "asasASA"], ["agerange", "35-40"], ["gender", "Female"], ["languagespeaking", "English"], ["languagereading", "ASASAsa"], ["computer", "Yes"], ["computerskills", "Beginner"], ["topicdiscussed", "Hypertension and Nutrition"], ["timelength", "10 MIN"], ["notes", "asdsadasdas"], ["noofparticipant", "dsadsadsad"], ["noofinteraction", "Group"], ["location", "Family Focus"]]
  [1m[36m (51.0ms)[0m  [1mCOMMIT[0m
  [1m[35m (0.2ms)[0m  BEGIN
  [1m[36m (0.3ms)[0m  [1mCOMMIT[0m
Redirected to http://localhost:3000/patients
Completed 302 Found in 203ms (ActiveRecord: 90.7ms)


Started GET "/patients" for 127.0.0.1 at 2015-07-24 15:52:15 +0530
Processing by PatientsController#index as HTML
  [1m[35mUser Load (0.5ms)[0m  SELECT  "users".* FROM "users" WHERE "users"."id" = $1  ORDER BY "users"."id" ASC LIMIT 1  [["id", 1]]
  [1m[36mPatient Load (0.5ms)[0m  [1mSELECT  "patients".* FROM "patients"  ORDER BY "patients"."id" DESC LIMIT 10 OFFSET 0[0m
  [1m[35m (0.3ms)[0m  SELECT COUNT(*) FROM "patients"
  Rendered patients/index.html.erb within layouts/application (6.0ms)
  Rendered layouts/_navigation_links.html.erb (0.3ms)
  Rendered layouts/_navigation.html.erb (1.5ms)
  Rendered layouts/_messages.html.erb (0.2ms)
Completed 200 OK in 317ms (Views: 313.4ms | ActiveRecord: 1.3ms)


Started GET "/patients/new" for 127.0.0.1 at 2015-07-24 15:52:28 +0530
Processing by PatientsController#new as HTML
  Rendered shared/_error_messages.html.erb (0.0ms)
  [1m[36mUser Load (0.4ms)[0m  [1mSELECT  "users".* FROM "users" WHERE "users"."id" = $1  ORDER BY "users"."id" ASC LIMIT 1[0m  [["id", 1]]
  Rendered patients/_form.html.erb (15.0ms)
  Rendered patients/new.html.erb within layouts/application (15.7ms)
  Rendered layouts/_navigation_links.html.erb (0.3ms)
  Rendered layouts/_navigation.html.erb (1.4ms)
  Rendered layouts/_messages.html.erb (0.1ms)
Completed 200 OK in 331ms (Views: 329.8ms | ActiveRecord: 0.4ms)


Started POST "/patients" for 127.0.0.1 at 2015-07-24 15:53:00 +0530
Processing by PatientsController#create as HTML
  Parameters: {"utf8"=>"✓", "authenticity_token"=>"LklTDlwS2jnuXZJ/QpfvMFBsgzoSWOgwBJR8JoETU0Eiz9EswyaJTn+ZkGX2YeEHZ6E9heq2wtYU5NdeTKLvuQ==", "patient"=>{"userid"=>"1", "startdate"=>"07/02/2015", "starttime"=>"4:00 PM", "initialcontact"=>"test", "languagespeaking"=>"Spanish", "agerange"=>"50-60", "gender"=>"Other", "languagereading"=>"sadsadsf", "computerskills"=>"Advanced", "computer"=>"No", "topicdiscussed"=>"Hypertension and Nutrition", "notes"=>"fgdfgdfg", "noofparticipant"=>"dfgfdg", "timelength"=>"10 MIN", "location"=>"Komed Holman Health Center", "noofinteraction"=>"Individual"}, "commit"=>"Save"}
  [1m[35m (0.2ms)[0m  BEGIN
  [1m[36mSQL (0.3ms)[0m  [1mINSERT INTO "patients" ("userid", "startdate", "starttime", "initialcontact", "agerange", "gender", "languagespeaking", "languagereading", "computer", "computerskills", "topicdiscussed", "timelength", "notes", "noofparticipant", "noofinteraction", "location") VALUES ($1, $2, $3, $4, $5, $6, $7, $8, $9, $10, $11, $12, $13, $14, $15, $16) RETURNING "id"[0m  [["userid", 1], ["startdate", "2015-07-02"], ["starttime", "2000-01-01 16:00:00.000000"], ["initialcontact", "test"], ["agerange", "50-60"], ["gender", "Other"], ["languagespeaking", "Spanish"], ["languagereading", "sadsadsf"], ["computer", "No"], ["computerskills", "Advanced"], ["topicdiscussed", "Hypertension and Nutrition"], ["timelength", "10 MIN"], ["notes", "fgdfgdfg"], ["noofparticipant", "dfgfdg"], ["noofinteraction", "Individual"], ["location", "Komed Holman Health Center"]]
  [1m[35m (28.6ms)[0m  COMMIT
  [1m[36m (0.2ms)[0m  [1mBEGIN[0m
  [1m[35m (0.1ms)[0m  COMMIT
Redirected to http://localhost:3000/patients
Completed 302 Found in 45ms (ActiveRecord: 29.4ms)


Started GET "/patients" for 127.0.0.1 at 2015-07-24 15:53:00 +0530
Processing by PatientsController#index as HTML
  [1m[36mUser Load (0.4ms)[0m  [1mSELECT  "users".* FROM "users" WHERE "users"."id" = $1  ORDER BY "users"."id" ASC LIMIT 1[0m  [["id", 1]]
  [1m[35mPatient Load (0.7ms)[0m  SELECT  "patients".* FROM "patients"  ORDER BY "patients"."id" DESC LIMIT 10 OFFSET 0
  [1m[36m (0.4ms)[0m  [1mSELECT COUNT(*) FROM "patients"[0m
  Rendered patients/index.html.erb within layouts/application (7.4ms)
  Rendered layouts/_navigation_links.html.erb (0.3ms)
  Rendered layouts/_navigation.html.erb (1.4ms)
  Rendered layouts/_messages.html.erb (0.1ms)
Completed 200 OK in 330ms (Views: 326.1ms | ActiveRecord: 1.5ms)


Started GET "/patients/15" for 127.0.0.1 at 2015-07-24 15:53:09 +0530
Processing by PatientsController#show as HTML
  Parameters: {"id"=>"15"}
  [1m[35mPatient Load (0.5ms)[0m  SELECT  "patients".* FROM "patients" WHERE "patients"."id" = $1 LIMIT 1  [["id", 15]]
  Rendered shared/_notice.html.erb (0.3ms)
  Rendered patients/show.html.erb within layouts/application (2.9ms)
  [1m[36mUser Load (0.5ms)[0m  [1mSELECT  "users".* FROM "users" WHERE "users"."id" = $1  ORDER BY "users"."id" ASC LIMIT 1[0m  [["id", 1]]
  Rendered layouts/_navigation_links.html.erb (1.7ms)
  Rendered layouts/_navigation.html.erb (2.8ms)
  Rendered layouts/_messages.html.erb (0.1ms)
Completed 200 OK in 360ms (Views: 339.4ms | ActiveRecord: 1.0ms)
